<?xml version="1.0" encoding="UTF-8"?>
<!-- Generated by org.testng.reporters.JUnitReportReporter -->
<testsuite skipped="1" hostname="M1525101" name="com.cerner.pctorion.platformTests.ORN_VR_PatientSearch" tests="2" failures="0" timestamp="7 Dec 2016 12:58:31 GMT" time="0.005" errors="1">
  <testcase name="setup" time="0.000" classname="com.cerner.pctorion.platformTests.ORN_VR_PatientSearch">
    <error type="org.testng.TestNGException" message="
Parameter &#039;browsername&#039; is required by @Configuration on method setup but has not been marked @Optional or defined
in /private/var/folders/hn/bwh1gyg54dn9b92npd5g6y_m2ngk05/T/testng-eclipse-792609469/testng-customsuite.xml">
      <![CDATA[org.testng.TestNGException: 
Parameter 'browsername' is required by @Configuration on method setup but has not been marked @Optional or defined
in /private/var/folders/hn/bwh1gyg54dn9b92npd5g6y_m2ngk05/T/testng-eclipse-792609469/testng-customsuite.xml
	at org.testng.internal.Parameters.createParameters(Parameters.java:156)
	at org.testng.internal.Parameters.createParameters(Parameters.java:370)
	at org.testng.internal.Parameters.createConfigurationParameters(Parameters.java:86)
	at org.testng.internal.Invoker.invokeConfigurations(Invoker.java:202)
	at org.testng.internal.Invoker.invokeConfigurations(Invoker.java:143)
	at org.testng.TestRunner.beforeRun(TestRunner.java:631)
	at org.testng.TestRunner.run(TestRunner.java:599)
	at org.testng.SuiteRunner.runTest(SuiteRunner.java:368)
	at org.testng.SuiteRunner.runSequentially(SuiteRunner.java:363)
	at org.testng.SuiteRunner.privateRun(SuiteRunner.java:321)
	at org.testng.SuiteRunner.run(SuiteRunner.java:270)
	at org.testng.SuiteRunnerWorker.runSuite(SuiteRunnerWorker.java:52)
	at org.testng.SuiteRunnerWorker.run(SuiteRunnerWorker.java:86)
	at org.testng.TestNG.runSuitesSequentially(TestNG.java:1284)
	at org.testng.TestNG.runSuitesLocally(TestNG.java:1209)
	at org.testng.TestNG.runSuites(TestNG.java:1124)
	at org.testng.TestNG.run(TestNG.java:1096)
	at org.testng.remote.AbstractRemoteTestNG.run(AbstractRemoteTestNG.java:126)
	at org.testng.remote.RemoteTestNG.initAndRun(RemoteTestNG.java:152)
	at org.testng.remote.RemoteTestNG.main(RemoteTestNG.java:57)
]]>
    </error>
  </testcase> <!-- setup -->
  <testcase name="VRPatientSearch" time="0.005" classname="com.cerner.pctorion.platformTests.ORN_VR_PatientSearch">
    <skipped/>
  </testcase> <!-- VRPatientSearch -->
</testsuite> <!-- com.cerner.pctorion.platformTests.ORN_VR_PatientSearch -->
